
*** Running vivado
    with args -log buffer.vds -m64 -product Vivado -mode batch -messageDb vivado.pb -notrace -source buffer.tcl


****** Vivado v2019.1 (64-bit)
  **** SW Build 2552052 on Fri May 24 14:49:42 MDT 2019
  **** IP Build 2548770 on Fri May 24 18:01:18 MDT 2019
    ** Copyright 1986-2019 Xilinx, Inc. All Rights Reserved.

source buffer.tcl -notrace
Command: synth_design -top buffer -part xc7a100tcsg324-1
Starting synth_design
Attempting to get a license for feature 'Synthesis' and/or device 'xc7a100t'
INFO: [Common 17-349] Got license for feature 'Synthesis' and/or device 'xc7a100t'
INFO: Launching helper process for spawning children vivado processes
INFO: Helper process launched with PID 8656 
---------------------------------------------------------------------------------
Starting Synthesize : Time (s): cpu = 00:00:03 ; elapsed = 00:00:03 . Memory (MB): peak = 565.125 ; gain = 186.500
---------------------------------------------------------------------------------
INFO: [Synth 8-6157] synthesizing module 'buffer' [C:/Users/user/Desktop/Юнусов/func_chemas/Work/func_chema/second_module_task/second_module_task.srcs/sources_1/new/buffer.v:23]
INFO: [Synth 8-6157] synthesizing module 'simple_mem_el' [C:/Users/user/Desktop/Юнусов/func_chemas/Work/func_chema/second_module_task/second_module_task.srcs/sources_1/new/simple_mem_el.v:23]
INFO: [Synth 8-6155] done synthesizing module 'simple_mem_el' (1#1) [C:/Users/user/Desktop/Юнусов/func_chemas/Work/func_chema/second_module_task/second_module_task.srcs/sources_1/new/simple_mem_el.v:23]
ERROR: [Synth 8-3380] loop condition does not converge after 2000 iterations [C:/Users/user/Desktop/Юнусов/func_chemas/Work/func_chema/second_module_task/second_module_task.srcs/sources_1/new/buffer.v:153]
ERROR: [Synth 8-6156] failed synthesizing module 'buffer' [C:/Users/user/Desktop/Юнусов/func_chemas/Work/func_chema/second_module_task/second_module_task.srcs/sources_1/new/buffer.v:23]
---------------------------------------------------------------------------------
Finished Synthesize : Time (s): cpu = 00:00:56 ; elapsed = 00:00:58 . Memory (MB): peak = 4126.355 ; gain = 3747.730
---------------------------------------------------------------------------------
synthesize failed
INFO: [Common 17-83] Releasing license: Synthesis
5 Infos, 0 Warnings, 0 Critical Warnings and 3 Errors encountered.
synth_design failed
ERROR: [Common 17-69] Command failed: Vivado Synthesis failed
INFO: [Common 17-206] Exiting Vivado at Mon Apr 22 19:45:03 2024...
