#-----------------------------------------------------------
# Vivado v2019.1 (64-bit)
# SW Build 2552052 on Fri May 24 14:49:42 MDT 2019
# IP Build 2548770 on Fri May 24 18:01:18 MDT 2019
# Start of session at: Mon Apr 22 20:48:42 2024
# Process ID: 11828
# Current directory: C:/Users/user/Desktop/Юнусов/func_chemas/Work/func_chema/second_module_task
# Command line: vivado.exe -gui_launcher_event rodinguilauncherevent4468 C:\Users\user\Desktop\Юнусов\func_chemas\Work\func_chema\second_module_task\second_module_task.xpr
# Log file: C:/Users/user/Desktop/Юнусов/func_chemas/Work/func_chema/second_module_task/vivado.log
# Journal file: C:/Users/user/Desktop/Юнусов/func_chemas/Work/func_chema/second_module_task\vivado.jou
#-----------------------------------------------------------
start_gui
open_project C:/Users/user/Desktop/Юнусов/func_chemas/Work/func_chema/second_module_task/second_module_task.xpr
Scanning sources...
Finished scanning sources
INFO: [IP_Flow 19-234] Refreshing IP repositories
INFO: [IP_Flow 19-1704] No user IP repositories specified
INFO: [IP_Flow 19-2313] Loaded Vivado IP repository 'C:/Xilinx/Vivado/2019.1/data/ip'.
update_compile_order -fileset sources_1
exit
INFO: [Common 17-206] Exiting Vivado at Mon Apr 22 20:49:45 2024...
